2025-10-19 22:21:06 - ufc_scraper - INFO - Exctracting letters a
2025-10-19 22:21:07 - ufc_scraper - INFO - Exctracting letters b
2025-10-19 22:21:07 - ufc_scraper - INFO - Exctracting letters c
2025-10-19 22:21:08 - ufc_scraper - INFO - Exctracting letters d
2025-10-19 22:21:09 - ufc_scraper - INFO - Exctracting letters e
2025-10-19 22:21:10 - ufc_scraper - INFO - Exctracting letters f
2025-10-19 22:21:10 - ufc_scraper - INFO - Exctracting letters g
2025-10-19 22:21:11 - ufc_scraper - INFO - Exctracting letters h
2025-10-19 22:21:12 - ufc_scraper - INFO - Exctracting letters i
2025-10-19 22:21:12 - ufc_scraper - INFO - Exctracting letters j
2025-10-19 22:21:13 - ufc_scraper - INFO - Exctracting letters k
2025-10-19 22:21:14 - ufc_scraper - INFO - Exctracting letters l
2025-10-19 22:21:14 - ufc_scraper - INFO - Exctracting letters m
2025-10-19 22:21:16 - ufc_scraper - INFO - Exctracting letters n
2025-10-19 22:21:16 - ufc_scraper - INFO - Exctracting letters o
2025-10-19 22:21:17 - ufc_scraper - INFO - Exctracting letters p
2025-10-19 22:21:18 - ufc_scraper - INFO - Exctracting letters q
2025-10-19 22:21:18 - ufc_scraper - INFO - Exctracting letters r
2025-10-19 22:21:19 - ufc_scraper - INFO - Exctracting letters s
2025-10-19 22:21:20 - ufc_scraper - INFO - Exctracting letters t
2025-10-19 22:21:21 - ufc_scraper - INFO - Exctracting letters u
2025-10-19 22:21:21 - ufc_scraper - INFO - Exctracting letters v
2025-10-19 22:21:22 - ufc_scraper - INFO - Exctracting letters w
2025-10-19 22:21:22 - ufc_scraper - INFO - Exctracting letters x
2025-10-19 22:21:23 - ufc_scraper - INFO - Exctracting letters y
2025-10-19 22:21:23 - ufc_scraper - INFO - Exctracting letters z
2025-10-19 22:21:24 - ufc_scraper - INFO - Found 0 unique links
2025-10-19 22:21:24 - ufc_scraper - INFO - Finished executor
2025-10-19 22:24:02 - ufc_scraper - INFO - Exctracting letters a
2025-10-19 22:24:03 - ufc_scraper - INFO - Exctracting letters b
2025-10-19 22:24:04 - ufc_scraper - INFO - Exctracting letters c
2025-10-19 22:24:05 - ufc_scraper - INFO - Exctracting letters d
2025-10-19 22:24:05 - ufc_scraper - INFO - Exctracting letters e
2025-10-19 22:24:06 - ufc_scraper - INFO - Exctracting letters f
2025-10-19 22:24:06 - ufc_scraper - INFO - Exctracting letters g
2025-10-19 22:24:07 - ufc_scraper - INFO - Exctracting letters h
2025-10-19 22:24:08 - ufc_scraper - INFO - Exctracting letters i
2025-10-19 22:24:08 - ufc_scraper - INFO - Exctracting letters j
2025-10-19 22:24:09 - ufc_scraper - INFO - Exctracting letters k
2025-10-19 22:24:10 - ufc_scraper - INFO - Exctracting letters l
2025-10-19 22:24:10 - ufc_scraper - INFO - Exctracting letters m
2025-10-19 22:24:12 - ufc_scraper - INFO - Exctracting letters n
2025-10-19 22:24:12 - ufc_scraper - INFO - Exctracting letters o
2025-10-19 22:24:13 - ufc_scraper - INFO - Exctracting letters p
2025-10-19 22:24:13 - ufc_scraper - INFO - Exctracting letters q
2025-10-19 22:24:14 - ufc_scraper - INFO - Exctracting letters r
2025-10-19 22:24:15 - ufc_scraper - INFO - Exctracting letters s
2025-10-19 22:24:16 - ufc_scraper - INFO - Exctracting letters t
2025-10-19 22:24:16 - ufc_scraper - INFO - Exctracting letters u
2025-10-19 22:24:17 - ufc_scraper - INFO - Exctracting letters v
2025-10-19 22:24:17 - ufc_scraper - INFO - Exctracting letters w
2025-10-19 22:24:18 - ufc_scraper - INFO - Exctracting letters x
2025-10-19 22:24:18 - ufc_scraper - INFO - Exctracting letters y
2025-10-19 22:24:19 - ufc_scraper - INFO - Exctracting letters z
2025-10-19 22:24:19 - ufc_scraper - INFO - Found 4447 unique links
2025-10-19 22:24:19 - ufc_scraper - INFO - Processing 0 out of 4447. Fighter url: http://ufcstats.com/fighter-details/2c9d00968f818270
2025-10-19 22:26:24 - ufc_scraper - INFO - Exctracting letters a
2025-10-19 22:26:24 - ufc_scraper - INFO - Exctracting letters b
2025-10-19 22:26:25 - ufc_scraper - INFO - Exctracting letters c
2025-10-19 22:26:26 - ufc_scraper - INFO - Exctracting letters d
2025-10-19 22:26:27 - ufc_scraper - INFO - Exctracting letters e
2025-10-19 22:26:27 - ufc_scraper - INFO - Exctracting letters f
2025-10-19 22:26:28 - ufc_scraper - INFO - Exctracting letters g
2025-10-19 22:26:29 - ufc_scraper - INFO - Exctracting letters h
2025-10-19 22:26:29 - ufc_scraper - INFO - Exctracting letters i
2025-10-19 22:26:30 - ufc_scraper - INFO - Exctracting letters j
2025-10-19 22:26:30 - ufc_scraper - INFO - Exctracting letters k
2025-10-19 22:26:31 - ufc_scraper - INFO - Exctracting letters l
2025-10-19 22:26:32 - ufc_scraper - INFO - Exctracting letters m
2025-10-19 22:26:33 - ufc_scraper - INFO - Exctracting letters n
2025-10-19 22:26:33 - ufc_scraper - INFO - Exctracting letters o
2025-10-19 22:26:34 - ufc_scraper - INFO - Exctracting letters p
2025-10-19 22:26:34 - ufc_scraper - INFO - Exctracting letters q
2025-10-19 22:26:35 - ufc_scraper - INFO - Exctracting letters r
2025-10-19 22:26:36 - ufc_scraper - INFO - Exctracting letters s
2025-10-19 22:26:37 - ufc_scraper - INFO - Exctracting letters t
2025-10-19 22:26:37 - ufc_scraper - INFO - Exctracting letters u
2025-10-19 22:26:38 - ufc_scraper - INFO - Exctracting letters v
2025-10-19 22:26:38 - ufc_scraper - INFO - Exctracting letters w
2025-10-19 22:26:39 - ufc_scraper - INFO - Exctracting letters x
2025-10-19 22:26:39 - ufc_scraper - INFO - Exctracting letters y
2025-10-19 22:26:40 - ufc_scraper - INFO - Exctracting letters z
2025-10-19 22:26:40 - ufc_scraper - INFO - Found 4447 unique links
2025-10-19 22:26:40 - ufc_scraper - INFO - Processing 0 out of 4447. Fighter url: http://ufcstats.com/fighter-details/400c7b43c86d27d3
2025-10-19 22:28:01 - ufc_scraper - INFO - Exctracting letters a
2025-10-19 22:28:02 - ufc_scraper - INFO - Exctracting letters b
2025-10-19 22:28:03 - ufc_scraper - INFO - Exctracting letters c
2025-10-19 22:28:04 - ufc_scraper - INFO - Exctracting letters d
2025-10-19 22:28:04 - ufc_scraper - INFO - Exctracting letters e
2025-10-19 22:28:05 - ufc_scraper - INFO - Exctracting letters f
2025-10-19 22:28:06 - ufc_scraper - INFO - Exctracting letters g
2025-10-19 22:28:06 - ufc_scraper - INFO - Exctracting letters h
2025-10-19 22:28:07 - ufc_scraper - INFO - Exctracting letters i
2025-10-19 22:28:08 - ufc_scraper - INFO - Exctracting letters j
2025-10-19 22:28:08 - ufc_scraper - INFO - Exctracting letters k
2025-10-19 22:28:09 - ufc_scraper - INFO - Exctracting letters l
2025-10-19 22:28:09 - ufc_scraper - INFO - Exctracting letters m
2025-10-19 22:28:10 - ufc_scraper - INFO - Exctracting letters n
2025-10-19 22:28:11 - ufc_scraper - INFO - Exctracting letters o
2025-10-19 22:28:11 - ufc_scraper - INFO - Exctracting letters p
2025-10-19 22:28:12 - ufc_scraper - INFO - Exctracting letters q
2025-10-19 22:28:12 - ufc_scraper - INFO - Exctracting letters r
2025-10-19 22:28:13 - ufc_scraper - INFO - Exctracting letters s
2025-10-19 22:28:14 - ufc_scraper - INFO - Exctracting letters t
2025-10-19 22:28:15 - ufc_scraper - INFO - Exctracting letters u
2025-10-19 22:28:15 - ufc_scraper - INFO - Exctracting letters v
2025-10-19 22:28:16 - ufc_scraper - INFO - Exctracting letters w
2025-10-19 22:28:16 - ufc_scraper - INFO - Exctracting letters x
2025-10-19 22:28:17 - ufc_scraper - INFO - Exctracting letters y
2025-10-19 22:28:17 - ufc_scraper - INFO - Exctracting letters z
2025-10-19 22:28:18 - ufc_scraper - INFO - Found 4447 unique links
2025-10-19 22:28:18 - ufc_scraper - INFO - Processing 0 out of 4447. Fighter url: http://ufcstats.com/fighter-details/3591d0d5d382a381
2025-10-19 22:28:18 - ufc_scraper - INFO - Processing 1 out of 4447. Fighter url: http://ufcstats.com/fighter-details/d897897060f10a3a
2025-10-19 22:28:19 - ufc_scraper - INFO - Processing 2 out of 4447. Fighter url: http://ufcstats.com/fighter-details/b3fb8d2293e17a59
2025-10-19 22:28:19 - ufc_scraper - INFO - Processing 3 out of 4447. Fighter url: http://ufcstats.com/fighter-details/39019970ac8543e9
2025-10-19 22:28:19 - ufc_scraper - INFO - Processing 4 out of 4447. Fighter url: http://ufcstats.com/fighter-details/49a74b9fb2e45fdf
2025-10-19 22:28:20 - ufc_scraper - INFO - Processing 5 out of 4447. Fighter url: http://ufcstats.com/fighter-details/a6eb54ae17a551be
2025-10-19 22:28:20 - ufc_scraper - INFO - Processing 6 out of 4447. Fighter url: http://ufcstats.com/fighter-details/1cf1310684a841f5
2025-10-19 22:28:21 - ufc_scraper - INFO - Processing 7 out of 4447. Fighter url: http://ufcstats.com/fighter-details/93892752c5fc23ca
2025-10-19 22:28:21 - ufc_scraper - INFO - Processing 8 out of 4447. Fighter url: http://ufcstats.com/fighter-details/22f4b6cb6b1bd7fd
2025-10-19 22:28:21 - ufc_scraper - INFO - Processing 9 out of 4447. Fighter url: http://ufcstats.com/fighter-details/351c4ec637380ad5
2025-10-19 22:28:22 - ufc_scraper - INFO - Processing 10 out of 4447. Fighter url: http://ufcstats.com/fighter-details/46e2ca71fd5089cb
2025-10-19 22:28:22 - ufc_scraper - INFO - Processing 11 out of 4447. Fighter url: http://ufcstats.com/fighter-details/86cb6f5b1ca98dc0
2025-10-19 22:28:23 - ufc_scraper - INFO - Processing 12 out of 4447. Fighter url: http://ufcstats.com/fighter-details/3a28e1e641366308
2025-10-19 22:28:23 - ufc_scraper - INFO - Processing 13 out of 4447. Fighter url: http://ufcstats.com/fighter-details/8caca5857ce0e30b
2025-10-19 22:28:23 - ufc_scraper - INFO - Processing 14 out of 4447. Fighter url: http://ufcstats.com/fighter-details/47cd337b86b1af92
2025-10-19 22:28:24 - ufc_scraper - INFO - Processing 15 out of 4447. Fighter url: http://ufcstats.com/fighter-details/20205040232ed0f3
2025-10-19 22:28:24 - ufc_scraper - INFO - Processing 16 out of 4447. Fighter url: http://ufcstats.com/fighter-details/5b08af4fbc987f9c
2025-10-19 22:28:25 - ufc_scraper - INFO - Processing 17 out of 4447. Fighter url: http://ufcstats.com/fighter-details/078b732efa497f49
2025-10-19 22:28:25 - ufc_scraper - INFO - Processing 18 out of 4447. Fighter url: http://ufcstats.com/fighter-details/df5a77121ba84a5d
2025-10-19 22:28:25 - ufc_scraper - INFO - Processing 19 out of 4447. Fighter url: http://ufcstats.com/fighter-details/cd13728ae1151f46
2025-10-19 22:28:26 - ufc_scraper - INFO - Processing 20 out of 4447. Fighter url: http://ufcstats.com/fighter-details/fcce75a25c14a804
2025-10-19 22:28:26 - ufc_scraper - INFO - Processing 21 out of 4447. Fighter url: http://ufcstats.com/fighter-details/3cf68c1d17f66af7
2025-10-19 22:28:27 - ufc_scraper - INFO - Processing 22 out of 4447. Fighter url: http://ufcstats.com/fighter-details/c3c38c86f5ab9b5c
2025-10-19 22:28:27 - ufc_scraper - INFO - Processing 23 out of 4447. Fighter url: http://ufcstats.com/fighter-details/36207c58e854cae5
2025-10-19 22:28:27 - ufc_scraper - INFO - Processing 24 out of 4447. Fighter url: http://ufcstats.com/fighter-details/f2c934689243fe4e
2025-10-19 22:28:28 - ufc_scraper - INFO - Finished executor
2025-10-19 22:29:58 - ufc_scraper - INFO - Exctracting letters a
2025-10-19 22:29:58 - ufc_scraper - INFO - Exctracting letters b
2025-10-19 22:29:59 - ufc_scraper - INFO - Exctracting letters c
2025-10-19 22:30:00 - ufc_scraper - INFO - Exctracting letters d
2025-10-19 22:30:00 - ufc_scraper - INFO - Exctracting letters e
2025-10-19 22:30:02 - ufc_scraper - INFO - Exctracting letters f
2025-10-19 22:30:02 - ufc_scraper - INFO - Exctracting letters g
2025-10-19 22:30:03 - ufc_scraper - INFO - Exctracting letters h
2025-10-19 22:30:04 - ufc_scraper - INFO - Exctracting letters i
2025-10-19 22:30:04 - ufc_scraper - INFO - Exctracting letters j
2025-10-19 22:30:05 - ufc_scraper - INFO - Exctracting letters k
2025-10-19 22:30:06 - ufc_scraper - INFO - Exctracting letters l
2025-10-19 22:30:06 - ufc_scraper - INFO - Exctracting letters m
2025-10-19 22:30:07 - ufc_scraper - INFO - Exctracting letters n
2025-10-19 22:30:08 - ufc_scraper - INFO - Exctracting letters o
2025-10-19 22:30:08 - ufc_scraper - INFO - Exctracting letters p
2025-10-19 22:30:09 - ufc_scraper - INFO - Exctracting letters q
2025-10-19 22:30:09 - ufc_scraper - INFO - Exctracting letters r
2025-10-19 22:30:10 - ufc_scraper - INFO - Exctracting letters s
2025-10-19 22:30:11 - ufc_scraper - INFO - Exctracting letters t
2025-10-19 22:30:12 - ufc_scraper - INFO - Exctracting letters u
2025-10-19 22:30:12 - ufc_scraper - INFO - Exctracting letters v
2025-10-19 22:30:13 - ufc_scraper - INFO - Exctracting letters w
2025-10-19 22:30:13 - ufc_scraper - INFO - Exctracting letters x
2025-10-19 22:30:14 - ufc_scraper - INFO - Exctracting letters y
2025-10-19 22:30:14 - ufc_scraper - INFO - Exctracting letters z
2025-10-19 22:30:15 - ufc_scraper - INFO - Found 4447 unique links
2025-10-19 22:30:15 - ufc_scraper - INFO - Processing 0 out of 4447. Fighter url: http://ufcstats.com/fighter-details/f50d95223751e6ca
2025-10-19 22:30:15 - ufc_scraper - INFO - Processing 1 out of 4447. Fighter url: http://ufcstats.com/fighter-details/353de740bb6c7e75
2025-10-19 22:30:16 - ufc_scraper - INFO - Processing 2 out of 4447. Fighter url: http://ufcstats.com/fighter-details/2dea80c069847321
2025-10-19 22:30:16 - ufc_scraper - INFO - Processing 3 out of 4447. Fighter url: http://ufcstats.com/fighter-details/6e8f1bcdda94ff45
2025-10-19 22:30:16 - ufc_scraper - INFO - Processing 4 out of 4447. Fighter url: http://ufcstats.com/fighter-details/6b8fd98eb52363d1
2025-10-19 22:30:17 - ufc_scraper - INFO - Processing 5 out of 4447. Fighter url: http://ufcstats.com/fighter-details/1a064688481f66e1
2025-10-19 22:30:17 - ufc_scraper - INFO - Processing 6 out of 4447. Fighter url: http://ufcstats.com/fighter-details/275cafc9de131c83
2025-10-19 22:30:17 - ufc_scraper - INFO - Processing 7 out of 4447. Fighter url: http://ufcstats.com/fighter-details/9141bb39310773c7
2025-10-19 22:30:18 - ufc_scraper - INFO - Processing 8 out of 4447. Fighter url: http://ufcstats.com/fighter-details/e44c679c30403cba
2025-10-19 22:30:18 - ufc_scraper - INFO - Processing 9 out of 4447. Fighter url: http://ufcstats.com/fighter-details/c21f26bbde777573
2025-10-19 22:30:19 - ufc_scraper - INFO - Processing 10 out of 4447. Fighter url: http://ufcstats.com/fighter-details/86b9b51a81e9c339
2025-10-19 22:30:19 - ufc_scraper - INFO - Processing 11 out of 4447. Fighter url: http://ufcstats.com/fighter-details/94609dd91731d428
2025-10-19 22:30:20 - ufc_scraper - INFO - Processing 12 out of 4447. Fighter url: http://ufcstats.com/fighter-details/baf942f4bcb09894
2025-10-19 22:30:20 - ufc_scraper - INFO - Processing 13 out of 4447. Fighter url: http://ufcstats.com/fighter-details/8b69839f3555a67b
2025-10-19 22:30:21 - ufc_scraper - INFO - Processing 14 out of 4447. Fighter url: http://ufcstats.com/fighter-details/16bf6a73bdd302cd
2025-10-19 22:30:21 - ufc_scraper - INFO - Processing 15 out of 4447. Fighter url: http://ufcstats.com/fighter-details/5bdcbd8dd681a257
2025-10-19 22:30:21 - ufc_scraper - INFO - Processing 16 out of 4447. Fighter url: http://ufcstats.com/fighter-details/c2a670b22d2e196f
2025-10-19 22:30:22 - ufc_scraper - INFO - Processing 17 out of 4447. Fighter url: http://ufcstats.com/fighter-details/d8c811df0386d5e8
2025-10-19 22:30:22 - ufc_scraper - INFO - Processing 18 out of 4447. Fighter url: http://ufcstats.com/fighter-details/0232cabbc30a2372
2025-10-19 22:30:23 - ufc_scraper - INFO - Processing 19 out of 4447. Fighter url: http://ufcstats.com/fighter-details/c337c3c85b1871e0
2025-10-19 22:30:23 - ufc_scraper - INFO - Processing 20 out of 4447. Fighter url: http://ufcstats.com/fighter-details/a7d687e6ecb30981
2025-10-19 22:30:23 - ufc_scraper - INFO - Processing 21 out of 4447. Fighter url: http://ufcstats.com/fighter-details/2b1c6f28039efe36
2025-10-19 22:30:24 - ufc_scraper - INFO - Processing 22 out of 4447. Fighter url: http://ufcstats.com/fighter-details/9b8a73b59be8d786
2025-10-19 22:30:24 - ufc_scraper - INFO - Processing 23 out of 4447. Fighter url: http://ufcstats.com/fighter-details/701e057d63c124d9
2025-10-19 22:30:25 - ufc_scraper - INFO - Processing 24 out of 4447. Fighter url: http://ufcstats.com/fighter-details/de20ffb3fc2e7629
2025-10-19 22:30:25 - ufc_scraper - INFO - Finished executor
2025-10-29 15:38:24 - ufc_scraper - INFO - Exctracting letters a
2025-10-29 15:38:25 - ufc_scraper - INFO - Exctracting letters b
2025-10-29 15:38:28 - ufc_scraper - INFO - Exctracting letters c
2025-10-29 15:38:30 - ufc_scraper - INFO - Exctracting letters d
2025-10-29 15:38:33 - ufc_scraper - INFO - Exctracting letters e
2025-10-29 15:38:35 - ufc_scraper - INFO - Exctracting letters f
2025-10-29 15:38:36 - ufc_scraper - INFO - Exctracting letters g
2025-10-29 15:38:38 - ufc_scraper - INFO - Exctracting letters h
2025-10-29 15:38:40 - ufc_scraper - INFO - Exctracting letters i
2025-10-29 15:38:42 - ufc_scraper - INFO - Exctracting letters j
2025-10-29 15:38:44 - ufc_scraper - INFO - Exctracting letters k
2025-10-29 15:38:46 - ufc_scraper - INFO - Exctracting letters l
2025-10-29 15:38:48 - ufc_scraper - INFO - Exctracting letters m
2025-10-29 15:38:51 - ufc_scraper - INFO - Exctracting letters n
2025-10-29 15:38:52 - ufc_scraper - INFO - Exctracting letters o
2025-10-29 15:38:54 - ufc_scraper - INFO - Exctracting letters p
2025-10-29 15:38:56 - ufc_scraper - INFO - Exctracting letters q
2025-10-29 15:38:57 - ufc_scraper - INFO - Exctracting letters r
2025-10-29 15:38:59 - ufc_scraper - INFO - Exctracting letters s
2025-10-29 15:39:03 - ufc_scraper - INFO - Exctracting letters t
2025-10-29 15:39:05 - ufc_scraper - INFO - Exctracting letters u
2025-10-29 15:39:06 - ufc_scraper - INFO - Exctracting letters v
2025-10-29 15:39:08 - ufc_scraper - INFO - Exctracting letters w
2025-10-29 15:39:10 - ufc_scraper - INFO - Exctracting letters x
2025-10-29 15:39:11 - ufc_scraper - INFO - Exctracting letters y
2025-10-29 15:39:13 - ufc_scraper - INFO - Exctracting letters z
2025-10-29 15:39:14 - ufc_scraper - INFO - Found 4447 unique links
2025-10-29 15:39:14 - ufc_scraper - INFO - Processing 0 out of 4447. Fighter url: http://ufcstats.com/fighter-details/8e382b585a92affe
2025-10-29 15:39:15 - ufc_scraper - INFO - Processing 1 out of 4447. Fighter url: http://ufcstats.com/fighter-details/990060b2a68a7b82
2025-10-29 15:39:16 - ufc_scraper - INFO - Processing 2 out of 4447. Fighter url: http://ufcstats.com/fighter-details/d4da8995fc91e7ef
2025-10-29 15:39:17 - ufc_scraper - INFO - Processing 3 out of 4447. Fighter url: http://ufcstats.com/fighter-details/917a5cb9821df261
2025-10-29 15:39:17 - ufc_scraper - INFO - Processing 4 out of 4447. Fighter url: http://ufcstats.com/fighter-details/11e3fd7546359fc5
2025-10-29 15:39:18 - ufc_scraper - INFO - Processing 5 out of 4447. Fighter url: http://ufcstats.com/fighter-details/2b6a37a97541a4fd
2025-10-29 15:39:19 - ufc_scraper - INFO - Processing 6 out of 4447. Fighter url: http://ufcstats.com/fighter-details/1a9480fc288e55d7
2025-10-29 15:39:20 - ufc_scraper - INFO - Processing 7 out of 4447. Fighter url: http://ufcstats.com/fighter-details/68d35296f566792b
2025-10-29 15:39:21 - ufc_scraper - INFO - Processing 8 out of 4447. Fighter url: http://ufcstats.com/fighter-details/6751b11102b6adfe
2025-10-29 15:39:22 - ufc_scraper - INFO - Processing 9 out of 4447. Fighter url: http://ufcstats.com/fighter-details/f54fb3b9c4228142
2025-10-29 15:39:23 - ufc_scraper - INFO - Processing 10 out of 4447. Fighter url: http://ufcstats.com/fighter-details/9b7dfb3b7d99926a
2025-10-29 15:39:24 - ufc_scraper - INFO - Processing 11 out of 4447. Fighter url: http://ufcstats.com/fighter-details/83c6c3e0f8bde8ee
2025-10-29 15:39:25 - ufc_scraper - INFO - Processing 12 out of 4447. Fighter url: http://ufcstats.com/fighter-details/cbf94e4c4af4ff6d
2025-10-29 15:39:26 - ufc_scraper - INFO - Processing 13 out of 4447. Fighter url: http://ufcstats.com/fighter-details/acff437707625fc7
2025-10-29 15:39:27 - ufc_scraper - INFO - Processing 14 out of 4447. Fighter url: http://ufcstats.com/fighter-details/ea0ad155451ed1f5
2025-10-29 15:39:28 - ufc_scraper - INFO - Processing 15 out of 4447. Fighter url: http://ufcstats.com/fighter-details/18e4f61f16f458c6
2025-10-29 15:39:28 - ufc_scraper - INFO - Processing 16 out of 4447. Fighter url: http://ufcstats.com/fighter-details/9346efb4bbaedd08
2025-10-29 15:39:29 - ufc_scraper - INFO - Processing 17 out of 4447. Fighter url: http://ufcstats.com/fighter-details/45bc8f98d62bd096
2025-10-29 15:39:30 - ufc_scraper - INFO - Processing 18 out of 4447. Fighter url: http://ufcstats.com/fighter-details/45230be0641f3f53
2025-10-29 15:39:31 - ufc_scraper - INFO - Processing 19 out of 4447. Fighter url: http://ufcstats.com/fighter-details/14e797332ea32cdb
2025-10-29 15:39:32 - ufc_scraper - INFO - Processing 20 out of 4447. Fighter url: http://ufcstats.com/fighter-details/49edd0d90f60fb7d
2025-10-29 15:39:33 - ufc_scraper - INFO - Processing 21 out of 4447. Fighter url: http://ufcstats.com/fighter-details/87f3bbf52e6c9dc9
2025-10-29 15:39:34 - ufc_scraper - INFO - Processing 22 out of 4447. Fighter url: http://ufcstats.com/fighter-details/78e501478a36a018
2025-10-29 15:39:35 - ufc_scraper - INFO - Processing 23 out of 4447. Fighter url: http://ufcstats.com/fighter-details/052ceb8976695342
2025-10-29 15:39:36 - ufc_scraper - INFO - Processing 24 out of 4447. Fighter url: http://ufcstats.com/fighter-details/c06a5c95f1169c0b
2025-10-29 15:39:37 - ufc_scraper - INFO - Finished executor. Saved 25 fighters to /Users/shahinsheikh/ufc-predictor-web/data/fighter_data.csv
